<?xml version="1.0" encoding="UTF-8"?>
<coverage generated="1636326362699" clover="3.2.0">
  <project timestamp="1636326362699" name="All files">
    <metrics statements="66" coveredstatements="66" conditionals="18" coveredconditionals="18" methods="17" coveredmethods="17" elements="101" coveredelements="101" complexity="0" loc="66" ncloc="66" packages="3" files="3" classes="3"/>
    <package name="01 - exercicios">
      <metrics statements="23" coveredstatements="23" conditionals="10" coveredconditionals="10" methods="4" coveredmethods="4"/>
      <file name="multiplos.ts" path="/home/marcos.barbosa/Desktop/Exercicios-Treinamentos/01 - exercicios/multiplos.ts">
        <metrics statements="23" coveredstatements="23" conditionals="10" coveredconditionals="10" methods="4" coveredmethods="4"/>
        <line num="1" count="1" type="stmt"/>
        <line num="2" count="1" type="stmt"/>
        <line num="3" count="2" type="stmt"/>
        <line num="4" count="2" type="stmt"/>
        <line num="5" count="1010" type="cond" truecount="2" falsecount="0"/>
        <line num="6" count="1010" type="cond" truecount="1" falsecount="0"/>
        <line num="7" count="472" type="stmt"/>
        <line num="11" count="2" type="stmt"/>
        <line num="14" count="1" type="stmt"/>
        <line num="15" count="1" type="stmt"/>
        <line num="16" count="1" type="stmt"/>
        <line num="17" count="1000" type="cond" truecount="2" falsecount="0"/>
        <line num="18" count="1000" type="cond" truecount="1" falsecount="0"/>
        <line num="19" count="67" type="stmt"/>
        <line num="23" count="1" type="stmt"/>
        <line num="26" count="1" type="stmt"/>
        <line num="27" count="1" type="stmt"/>
        <line num="28" count="1" type="stmt"/>
        <line num="29" count="1000" type="cond" truecount="3" falsecount="0"/>
        <line num="30" count="1000" type="cond" truecount="1" falsecount="0"/>
        <line num="31" count="67" type="stmt"/>
        <line num="35" count="1" type="stmt"/>
        <line num="37" count="1" type="stmt"/>
      </file>
    </package>
    <package name="02 - exercicios">
      <metrics statements="17" coveredstatements="17" conditionals="4" coveredconditionals="4" methods="8" coveredmethods="8"/>
      <file name="numeros.felizes.ts" path="/home/marcos.barbosa/Desktop/Exercicios-Treinamentos/02 - exercicios/numeros.felizes.ts">
        <metrics statements="17" coveredstatements="17" conditionals="4" coveredconditionals="4" methods="8" coveredmethods="8"/>
        <line num="2" count="2" type="stmt"/>
        <line num="4" count="49" type="stmt"/>
        <line num="5" count="49" type="stmt"/>
        <line num="8" count="2" type="stmt"/>
        <line num="9" count="49" type="stmt"/>
        <line num="10" count="97" type="stmt"/>
        <line num="11" count="97" type="stmt"/>
        <line num="14" count="2" type="stmt"/>
        <line num="15" count="9" type="stmt"/>
        <line num="29" count="52" type="cond" truecount="1" falsecount="0"/>
        <line num="31" count="47" type="stmt"/>
        <line num="32" count="47" type="stmt"/>
        <line num="34" count="47" type="cond" truecount="1" falsecount="0"/>
        <line num="35" count="183" type="stmt"/>
        <line num="36" count="46" type="stmt"/>
        <line num="38" count="46" type="cond" truecount="2" falsecount="0"/>
        <line num="41" count="1" type="stmt"/>
      </file>
    </package>
    <package name="03 - palavras em numeros">
      <metrics statements="26" coveredstatements="26" conditionals="4" coveredconditionals="4" methods="5" coveredmethods="5"/>
      <file name="palavra.numero.ts" path="/home/marcos.barbosa/Desktop/Exercicios-Treinamentos/03 - palavras em numeros/palavra.numero.ts">
        <metrics statements="26" coveredstatements="26" conditionals="4" coveredconditionals="4" methods="5" coveredmethods="5"/>
        <line num="1" count="1" type="stmt"/>
        <line num="3" count="1" type="stmt"/>
        <line num="5" count="1" type="stmt"/>
        <line num="7" count="11" type="stmt"/>
        <line num="8" count="11" type="stmt"/>
        <line num="9" count="30" type="stmt"/>
        <line num="12" count="11" type="stmt"/>
        <line num="15" count="1" type="stmt"/>
        <line num="16" count="6" type="stmt"/>
        <line num="17" count="6" type="stmt"/>
        <line num="18" count="105" type="cond" truecount="1" falsecount="0"/>
        <line num="19" count="19" type="stmt"/>
        <line num="22" count="6" type="stmt"/>
        <line num="26" count="1" type="stmt"/>
        <line num="27" count="5" type="stmt"/>
        <line num="28" count="5" type="cond" truecount="1" falsecount="0"/>
        <line num="29" count="2" type="stmt"/>
        <line num="31" count="3" type="stmt"/>
        <line num="35" count="1" type="stmt"/>
        <line num="36" count="7" type="cond" truecount="2" falsecount="0"/>
        <line num="39" count="1" type="stmt"/>
        <line num="41" count="3" type="stmt"/>
        <line num="43" count="3" type="stmt"/>
        <line num="44" count="3" type="stmt"/>
        <line num="45" count="3" type="stmt"/>
        <line num="47" count="3" type="stmt"/>
      </file>
    </package>
  </project>
</coverage>
