<?xml version="1.0" encoding="UTF-8"?>
<coverage generated="1636161253537" clover="3.2.0">
  <project timestamp="1636161253538" name="All files">
    <metrics statements="34" coveredstatements="34" conditionals="14" coveredconditionals="14" methods="8" coveredmethods="8" elements="56" coveredelements="56" complexity="0" loc="34" ncloc="34" packages="2" files="2" classes="2"/>
    <package name="01 - exercicios">
      <metrics statements="23" coveredstatements="23" conditionals="10" coveredconditionals="10" methods="4" coveredmethods="4"/>
      <file name="multiplos.ts" path="/home/marcos.barbosa/Desktop/testes/Exercicios-Treinamentos/01 - exercicios/multiplos.ts">
        <metrics statements="23" coveredstatements="23" conditionals="10" coveredconditionals="10" methods="4" coveredmethods="4"/>
        <line num="1" count="1" type="stmt"/>
        <line num="2" count="1" type="stmt"/>
        <line num="3" count="2" type="stmt"/>
        <line num="4" count="2" type="stmt"/>
        <line num="5" count="1010" type="cond" truecount="2" falsecount="0"/>
        <line num="6" count="1010" type="cond" truecount="1" falsecount="0"/>
        <line num="7" count="472" type="stmt"/>
        <line num="11" count="2" type="stmt"/>
        <line num="14" count="1" type="stmt"/>
        <line num="15" count="1" type="stmt"/>
        <line num="16" count="1" type="stmt"/>
        <line num="17" count="1000" type="cond" truecount="2" falsecount="0"/>
        <line num="18" count="1000" type="cond" truecount="1" falsecount="0"/>
        <line num="19" count="67" type="stmt"/>
        <line num="23" count="1" type="stmt"/>
        <line num="26" count="1" type="stmt"/>
        <line num="27" count="1" type="stmt"/>
        <line num="28" count="1" type="stmt"/>
        <line num="29" count="1000" type="cond" truecount="3" falsecount="0"/>
        <line num="30" count="1000" type="cond" truecount="1" falsecount="0"/>
        <line num="31" count="67" type="stmt"/>
        <line num="35" count="1" type="stmt"/>
        <line num="37" count="1" type="stmt"/>
      </file>
    </package>
    <package name="02 - exercicios">
      <metrics statements="11" coveredstatements="11" conditionals="4" coveredconditionals="4" methods="4" coveredmethods="4"/>
      <file name="numeros.felizes.ts" path="/home/marcos.barbosa/Desktop/testes/Exercicios-Treinamentos/02 - exercicios/numeros.felizes.ts">
        <metrics statements="11" coveredstatements="11" conditionals="4" coveredconditionals="4" methods="4" coveredmethods="4"/>
        <line num="1" count="16" type="cond" truecount="1" falsecount="0"/>
        <line num="3" count="14" type="stmt"/>
        <line num="4" count="14" type="stmt"/>
        <line num="6" count="14" type="stmt"/>
        <line num="7" count="27" type="stmt"/>
        <line num="8" count="27" type="stmt"/>
        <line num="10" count="14" type="cond" truecount="1" falsecount="0"/>
        <line num="11" count="35" type="stmt"/>
        <line num="12" count="13" type="stmt"/>
        <line num="14" count="13" type="cond" truecount="2" falsecount="0"/>
        <line num="17" count="1" type="stmt"/>
      </file>
    </package>
  </project>
</coverage>
