{"/home/marcos.barbosa/Desktop/testes/Exercicios-Treinamentos/01 - exercicios/multiplos.ts": {"path":"/home/marcos.barbosa/Desktop/testes/Exercicios-Treinamentos/01 - exercicios/multiplos.ts","statementMap":{"0":{"start":{"line":1,"column":0},"end":{"line":1,"column":null}},"1":{"start":{"line":2,"column":4},"end":{"line":12,"column":null}},"2":{"start":{"line":3,"column":21},"end":{"line":3,"column":22}},"3":{"start":{"line":4,"column":8},"end":{"line":9,"column":null}},"4":{"start":{"line":4,"column":20},"end":{"line":4,"column":21}},"5":{"start":{"line":5,"column":34},"end":{"line":5,"column":58}},"6":{"start":{"line":6,"column":12},"end":{"line":8,"column":null}},"7":{"start":{"line":7,"column":16},"end":{"line":7,"column":28}},"8":{"start":{"line":11,"column":8},"end":{"line":11,"column":null}},"9":{"start":{"line":14,"column":4},"end":{"line":24,"column":null}},"10":{"start":{"line":15,"column":21},"end":{"line":15,"column":22}},"11":{"start":{"line":16,"column":8},"end":{"line":21,"column":null}},"12":{"start":{"line":16,"column":20},"end":{"line":16,"column":21}},"13":{"start":{"line":17,"column":35},"end":{"line":17,"column":59}},"14":{"start":{"line":18,"column":12},"end":{"line":20,"column":null}},"15":{"start":{"line":19,"column":16},"end":{"line":19,"column":28}},"16":{"start":{"line":23,"column":8},"end":{"line":23,"column":null}},"17":{"start":{"line":26,"column":4},"end":{"line":36,"column":null}},"18":{"start":{"line":27,"column":21},"end":{"line":27,"column":22}},"19":{"start":{"line":28,"column":8},"end":{"line":33,"column":null}},"20":{"start":{"line":28,"column":20},"end":{"line":28,"column":21}},"21":{"start":{"line":29,"column":38},"end":{"line":29,"column":78}},"22":{"start":{"line":30,"column":12},"end":{"line":32,"column":null}},"23":{"start":{"line":31,"column":16},"end":{"line":31,"column":28}},"24":{"start":{"line":35,"column":8},"end":{"line":35,"column":null}},"25":{"start":{"line":37,"column":0},"end":{"line":37,"column":null}}},"fnMap":{"0":{"name":"(anonymous_0)","decl":{"start":{"line":1,"column":0},"end":{"line":1,"column":null}},"loc":{"start":{"line":1,"column":0},"end":{"line":37,"column":null}}},"1":{"name":"(anonymous_2)","decl":{"start":{"line":2,"column":4},"end":{"line":2,"column":39}},"loc":{"start":{"line":2,"column":53},"end":{"line":12,"column":5}}},"2":{"name":"(anonymous_3)","decl":{"start":{"line":14,"column":4},"end":{"line":14,"column":40}},"loc":{"start":{"line":14,"column":54},"end":{"line":24,"column":5}}},"3":{"name":"(anonymous_4)","decl":{"start":{"line":26,"column":4},"end":{"line":26,"column":43}},"loc":{"start":{"line":26,"column":57},"end":{"line":36,"column":5}}}},"branchMap":{"0":{"loc":{"start":{"line":5,"column":34},"end":{"line":5,"column":58}},"type":"binary-expr","locations":[{"start":{"line":5,"column":34},"end":{"line":5,"column":44}},{"start":{"line":5,"column":48},"end":{"line":5,"column":58}}]},"1":{"loc":{"start":{"line":6,"column":12},"end":{"line":8,"column":null}},"type":"if","locations":[{"start":{"line":6,"column":12},"end":{"line":8,"column":null}}]},"2":{"loc":{"start":{"line":17,"column":35},"end":{"line":17,"column":59}},"type":"binary-expr","locations":[{"start":{"line":17,"column":35},"end":{"line":17,"column":45}},{"start":{"line":17,"column":49},"end":{"line":17,"column":59}}]},"3":{"loc":{"start":{"line":18,"column":12},"end":{"line":20,"column":null}},"type":"if","locations":[{"start":{"line":18,"column":12},"end":{"line":20,"column":null}}]},"4":{"loc":{"start":{"line":29,"column":38},"end":{"line":29,"column":78}},"type":"binary-expr","locations":[{"start":{"line":29,"column":39},"end":{"line":29,"column":49}},{"start":{"line":29,"column":53},"end":{"line":29,"column":63}},{"start":{"line":29,"column":68},"end":{"line":29,"column":78}}]},"5":{"loc":{"start":{"line":30,"column":12},"end":{"line":32,"column":null}},"type":"if","locations":[{"start":{"line":30,"column":12},"end":{"line":32,"column":null}}]}},"s":{"0":1,"1":1,"2":2,"3":2,"4":2,"5":1010,"6":1010,"7":472,"8":2,"9":1,"10":1,"11":1,"12":1,"13":1000,"14":1000,"15":67,"16":1,"17":1,"18":1,"19":1,"20":1,"21":1000,"22":1000,"23":67,"24":1,"25":1},"f":{"0":5,"1":2,"2":1,"3":1},"b":{"0":[1010,672],"1":[472],"2":[1000,334],"3":[67],"4":[1000,666,467],"5":[67]}}
,"/home/marcos.barbosa/Desktop/testes/Exercicios-Treinamentos/02 - exercicios/numeros.felizes.ts": {"path":"/home/marcos.barbosa/Desktop/testes/Exercicios-Treinamentos/02 - exercicios/numeros.felizes.ts","statementMap":{"0":{"start":{"line":1,"column":51},"end":{"line":1,"column":null}},"1":{"start":{"line":3,"column":21},"end":{"line":3,"column":47}},"2":{"start":{"line":4,"column":17},"end":{"line":4,"column":39}},"3":{"start":{"line":6,"column":14},"end":{"line":8,"column":73}},"4":{"start":{"line":7,"column":31},"end":{"line":7,"column":47}},"5":{"start":{"line":8,"column":49},"end":{"line":8,"column":71}},"6":{"start":{"line":10,"column":4},"end":{"line":15,"column":null}},"7":{"start":{"line":11,"column":23},"end":{"line":11,"column":57}},"8":{"start":{"line":11,"column":42},"end":{"line":11,"column":57}},"9":{"start":{"line":12,"column":8},"end":{"line":12,"column":null}},"10":{"start":{"line":14,"column":8},"end":{"line":14,"column":null}},"11":{"start":{"line":17,"column":4},"end":{"line":17,"column":null}},"12":{"start":{"line":1,"column":0},"end":{"line":1,"column":24}}},"fnMap":{"0":{"name":"numberHappy","decl":{"start":{"line":1,"column":24},"end":{"line":1,"column":35}},"loc":{"start":{"line":1,"column":74},"end":{"line":18,"column":1}}},"1":{"name":"(anonymous_1)","decl":{"start":{"line":7,"column":21},"end":{"line":7,"column":27}},"loc":{"start":{"line":7,"column":27},"end":{"line":7,"column":37}}},"2":{"name":"(anonymous_2)","decl":{"start":{"line":8,"column":24},"end":{"line":8,"column":25}},"loc":{"start":{"line":8,"column":44},"end":{"line":8,"column":55}}},"3":{"name":"(anonymous_3)","decl":{"start":{"line":11,"column":32},"end":{"line":11,"column":38}},"loc":{"start":{"line":11,"column":38},"end":{"line":11,"column":48}}}},"branchMap":{"0":{"loc":{"start":{"line":1,"column":51},"end":{"line":1,"column":null}},"type":"if","locations":[{"start":{"line":1,"column":51},"end":{"line":1,"column":null}}]},"1":{"loc":{"start":{"line":10,"column":4},"end":{"line":15,"column":null}},"type":"if","locations":[{"start":{"line":10,"column":4},"end":{"line":15,"column":null}}]},"2":{"loc":{"start":{"line":14,"column":15},"end":{"line":14,"column":68}},"type":"cond-expr","locations":[{"start":{"line":14,"column":24},"end":{"line":14,"column":44}},{"start":{"line":14,"column":47},"end":{"line":14,"column":68}}]}},"s":{"0":16,"1":14,"2":14,"3":14,"4":27,"5":27,"6":14,"7":13,"8":35,"9":13,"10":13,"11":1,"12":1},"f":{"0":14,"1":27,"2":27,"3":35},"b":{"0":[2],"1":[13],"2":[1,12]}}
}
