{"/home/marcos.barbosa/Desktop/Exercicios-Treinamentos/01 - exercicios/multiplos.ts": {"path":"/home/marcos.barbosa/Desktop/Exercicios-Treinamentos/01 - exercicios/multiplos.ts","statementMap":{"0":{"start":{"line":1,"column":0},"end":{"line":1,"column":null}},"1":{"start":{"line":2,"column":4},"end":{"line":12,"column":null}},"2":{"start":{"line":3,"column":21},"end":{"line":3,"column":22}},"3":{"start":{"line":4,"column":8},"end":{"line":9,"column":null}},"4":{"start":{"line":4,"column":20},"end":{"line":4,"column":21}},"5":{"start":{"line":5,"column":34},"end":{"line":5,"column":58}},"6":{"start":{"line":6,"column":12},"end":{"line":8,"column":null}},"7":{"start":{"line":7,"column":16},"end":{"line":7,"column":28}},"8":{"start":{"line":11,"column":8},"end":{"line":11,"column":null}},"9":{"start":{"line":14,"column":4},"end":{"line":24,"column":null}},"10":{"start":{"line":15,"column":21},"end":{"line":15,"column":22}},"11":{"start":{"line":16,"column":8},"end":{"line":21,"column":null}},"12":{"start":{"line":16,"column":20},"end":{"line":16,"column":21}},"13":{"start":{"line":17,"column":35},"end":{"line":17,"column":59}},"14":{"start":{"line":18,"column":12},"end":{"line":20,"column":null}},"15":{"start":{"line":19,"column":16},"end":{"line":19,"column":28}},"16":{"start":{"line":23,"column":8},"end":{"line":23,"column":null}},"17":{"start":{"line":26,"column":4},"end":{"line":36,"column":null}},"18":{"start":{"line":27,"column":21},"end":{"line":27,"column":22}},"19":{"start":{"line":28,"column":8},"end":{"line":33,"column":null}},"20":{"start":{"line":28,"column":20},"end":{"line":28,"column":21}},"21":{"start":{"line":29,"column":38},"end":{"line":29,"column":78}},"22":{"start":{"line":30,"column":12},"end":{"line":32,"column":null}},"23":{"start":{"line":31,"column":16},"end":{"line":31,"column":28}},"24":{"start":{"line":35,"column":8},"end":{"line":35,"column":null}},"25":{"start":{"line":37,"column":0},"end":{"line":37,"column":null}}},"fnMap":{"0":{"name":"(anonymous_0)","decl":{"start":{"line":1,"column":0},"end":{"line":1,"column":null}},"loc":{"start":{"line":1,"column":0},"end":{"line":37,"column":null}}},"1":{"name":"(anonymous_2)","decl":{"start":{"line":2,"column":4},"end":{"line":2,"column":39}},"loc":{"start":{"line":2,"column":53},"end":{"line":12,"column":5}}},"2":{"name":"(anonymous_3)","decl":{"start":{"line":14,"column":4},"end":{"line":14,"column":40}},"loc":{"start":{"line":14,"column":54},"end":{"line":24,"column":5}}},"3":{"name":"(anonymous_4)","decl":{"start":{"line":26,"column":4},"end":{"line":26,"column":43}},"loc":{"start":{"line":26,"column":57},"end":{"line":36,"column":5}}}},"branchMap":{"0":{"loc":{"start":{"line":5,"column":34},"end":{"line":5,"column":58}},"type":"binary-expr","locations":[{"start":{"line":5,"column":34},"end":{"line":5,"column":44}},{"start":{"line":5,"column":48},"end":{"line":5,"column":58}}]},"1":{"loc":{"start":{"line":6,"column":12},"end":{"line":8,"column":null}},"type":"if","locations":[{"start":{"line":6,"column":12},"end":{"line":8,"column":null}}]},"2":{"loc":{"start":{"line":17,"column":35},"end":{"line":17,"column":59}},"type":"binary-expr","locations":[{"start":{"line":17,"column":35},"end":{"line":17,"column":45}},{"start":{"line":17,"column":49},"end":{"line":17,"column":59}}]},"3":{"loc":{"start":{"line":18,"column":12},"end":{"line":20,"column":null}},"type":"if","locations":[{"start":{"line":18,"column":12},"end":{"line":20,"column":null}}]},"4":{"loc":{"start":{"line":29,"column":38},"end":{"line":29,"column":78}},"type":"binary-expr","locations":[{"start":{"line":29,"column":39},"end":{"line":29,"column":49}},{"start":{"line":29,"column":53},"end":{"line":29,"column":63}},{"start":{"line":29,"column":68},"end":{"line":29,"column":78}}]},"5":{"loc":{"start":{"line":30,"column":12},"end":{"line":32,"column":null}},"type":"if","locations":[{"start":{"line":30,"column":12},"end":{"line":32,"column":null}}]}},"s":{"0":1,"1":1,"2":2,"3":2,"4":2,"5":1010,"6":1010,"7":472,"8":2,"9":1,"10":1,"11":1,"12":1,"13":1000,"14":1000,"15":67,"16":1,"17":1,"18":1,"19":1,"20":1,"21":1000,"22":1000,"23":67,"24":1,"25":1},"f":{"0":5,"1":2,"2":1,"3":1},"b":{"0":[1010,672],"1":[472],"2":[1000,334],"3":[67],"4":[1000,666,467],"5":[67]}}
,"/home/marcos.barbosa/Desktop/Exercicios-Treinamentos/02 - exercicios/numeros.felizes.ts": {"path":"/home/marcos.barbosa/Desktop/Exercicios-Treinamentos/02 - exercicios/numeros.felizes.ts","statementMap":{"0":{"start":{"line":4,"column":21},"end":{"line":4,"column":47}},"1":{"start":{"line":5,"column":4},"end":{"line":5,"column":null}},"2":{"start":{"line":2,"column":0},"end":{"line":2,"column":16}},"3":{"start":{"line":9,"column":4},"end":{"line":11,"column":null}},"4":{"start":{"line":10,"column":23},"end":{"line":10,"column":39}},"5":{"start":{"line":11,"column":41},"end":{"line":11,"column":63}},"6":{"start":{"line":8,"column":0},"end":{"line":8,"column":16}},"7":{"start":{"line":15,"column":4},"end":{"line":15,"column":null}},"8":{"start":{"line":15,"column":30},"end":{"line":15,"column":47}},"9":{"start":{"line":14,"column":0},"end":{"line":14,"column":16}},"10":{"start":{"line":29,"column":43},"end":{"line":29,"column":null}},"11":{"start":{"line":31,"column":17},"end":{"line":31,"column":37}},"12":{"start":{"line":32,"column":14},"end":{"line":32,"column":40}},"13":{"start":{"line":34,"column":4},"end":{"line":39,"column":null}},"14":{"start":{"line":35,"column":23},"end":{"line":35,"column":57}},"15":{"start":{"line":35,"column":42},"end":{"line":35,"column":57}},"16":{"start":{"line":36,"column":8},"end":{"line":36,"column":null}},"17":{"start":{"line":38,"column":8},"end":{"line":38,"column":null}},"18":{"start":{"line":41,"column":4},"end":{"line":41,"column":null}},"19":{"start":{"line":29,"column":0},"end":{"line":29,"column":16}}},"fnMap":{"0":{"name":"numbersSplits","decl":{"start":{"line":2,"column":16},"end":{"line":2,"column":29}},"loc":{"start":{"line":2,"column":43},"end":{"line":6,"column":1}}},"1":{"name":"squareSumOfNumbers","decl":{"start":{"line":8,"column":16},"end":{"line":8,"column":34}},"loc":{"start":{"line":8,"column":50},"end":{"line":12,"column":1}}},"2":{"name":"(anonymous_2)","decl":{"start":{"line":10,"column":13},"end":{"line":10,"column":19}},"loc":{"start":{"line":10,"column":19},"end":{"line":10,"column":29}}},"3":{"name":"(anonymous_3)","decl":{"start":{"line":11,"column":16},"end":{"line":11,"column":17}},"loc":{"start":{"line":11,"column":36},"end":{"line":11,"column":47}}},"4":{"name":"thisNumberExistInArray","decl":{"start":{"line":14,"column":16},"end":{"line":14,"column":38}},"loc":{"start":{"line":14,"column":67},"end":{"line":16,"column":1}}},"5":{"name":"(anonymous_5)","decl":{"start":{"line":15,"column":20},"end":{"line":15,"column":26}},"loc":{"start":{"line":15,"column":26},"end":{"line":15,"column":36}}},"6":{"name":"numberHappy","decl":{"start":{"line":29,"column":16},"end":{"line":29,"column":27}},"loc":{"start":{"line":29,"column":66},"end":{"line":42,"column":1}}},"7":{"name":"(anonymous_7)","decl":{"start":{"line":35,"column":32},"end":{"line":35,"column":38}},"loc":{"start":{"line":35,"column":38},"end":{"line":35,"column":48}}}},"branchMap":{"0":{"loc":{"start":{"line":29,"column":43},"end":{"line":29,"column":null}},"type":"if","locations":[{"start":{"line":29,"column":43},"end":{"line":29,"column":null}}]},"1":{"loc":{"start":{"line":34,"column":4},"end":{"line":39,"column":null}},"type":"if","locations":[{"start":{"line":34,"column":4},"end":{"line":39,"column":null}}]},"2":{"loc":{"start":{"line":38,"column":15},"end":{"line":38,"column":68}},"type":"cond-expr","locations":[{"start":{"line":38,"column":24},"end":{"line":38,"column":44}},{"start":{"line":38,"column":47},"end":{"line":38,"column":68}}]}},"s":{"0":49,"1":49,"2":2,"3":49,"4":97,"5":97,"6":2,"7":2,"8":9,"9":2,"10":52,"11":47,"12":47,"13":47,"14":46,"15":183,"16":46,"17":46,"18":1,"19":2},"f":{"0":49,"1":49,"2":97,"3":97,"4":2,"5":9,"6":47,"7":183},"b":{"0":[5],"1":[46],"2":[4,42]}}
,"/home/marcos.barbosa/Desktop/Exercicios-Treinamentos/03 - palavras em numeros/palavra.numero.ts": {"path":"/home/marcos.barbosa/Desktop/Exercicios-Treinamentos/03 - palavras em numeros/palavra.numero.ts","statementMap":{"0":{"start":{"line":1,"column":0},"end":{"line":1,"column":65}},"1":{"start":{"line":3,"column":15},"end":{"line":3,"column":69}},"2":{"start":{"line":7,"column":17},"end":{"line":7,"column":18}},"3":{"start":{"line":8,"column":4},"end":{"line":11,"column":null}},"4":{"start":{"line":8,"column":17},"end":{"line":8,"column":18}},"5":{"start":{"line":9,"column":8},"end":{"line":9,"column":null}},"6":{"start":{"line":12,"column":4},"end":{"line":12,"column":null}},"7":{"start":{"line":5,"column":0},"end":{"line":5,"column":16}},"8":{"start":{"line":16,"column":16},"end":{"line":16,"column":17}},"9":{"start":{"line":17,"column":4},"end":{"line":21,"column":null}},"10":{"start":{"line":17,"column":17},"end":{"line":17,"column":18}},"11":{"start":{"line":18,"column":8},"end":{"line":20,"column":null}},"12":{"start":{"line":19,"column":12},"end":{"line":19,"column":null}},"13":{"start":{"line":22,"column":4},"end":{"line":22,"column":null}},"14":{"start":{"line":15,"column":0},"end":{"line":15,"column":16}},"15":{"start":{"line":27,"column":18},"end":{"line":27,"column":42}},"16":{"start":{"line":28,"column":4},"end":{"line":30,"column":null}},"17":{"start":{"line":29,"column":8},"end":{"line":29,"column":null}},"18":{"start":{"line":31,"column":4},"end":{"line":31,"column":null}},"19":{"start":{"line":26,"column":0},"end":{"line":26,"column":16}},"20":{"start":{"line":36,"column":4},"end":{"line":36,"column":null}},"21":{"start":{"line":35,"column":0},"end":{"line":35,"column":16}},"22":{"start":{"line":41,"column":26},"end":{"line":41,"column":42}},"23":{"start":{"line":43,"column":18},"end":{"line":43,"column":46}},"24":{"start":{"line":44,"column":26},"end":{"line":44,"column":52}},"25":{"start":{"line":45,"column":26},"end":{"line":45,"column":56}},"26":{"start":{"line":47,"column":4},"end":{"line":47,"column":null}},"27":{"start":{"line":39,"column":0},"end":{"line":39,"column":16}}},"fnMap":{"0":{"name":"valueWord","decl":{"start":{"line":5,"column":16},"end":{"line":5,"column":25}},"loc":{"start":{"line":5,"column":39},"end":{"line":13,"column":1}}},"1":{"name":"numbersOfDividers","decl":{"start":{"line":15,"column":16},"end":{"line":15,"column":33}},"loc":{"start":{"line":15,"column":47},"end":{"line":24,"column":1}}},"2":{"name":"isPrimeNumber","decl":{"start":{"line":26,"column":16},"end":{"line":26,"column":29}},"loc":{"start":{"line":26,"column":43},"end":{"line":33,"column":1}}},"3":{"name":"isDivisible3Or5","decl":{"start":{"line":35,"column":16},"end":{"line":35,"column":31}},"loc":{"start":{"line":35,"column":45},"end":{"line":37,"column":1}}},"4":{"name":"stringSentence","decl":{"start":{"line":39,"column":16},"end":{"line":39,"column":30}},"loc":{"start":{"line":39,"column":44},"end":{"line":49,"column":1}}}},"branchMap":{"0":{"loc":{"start":{"line":18,"column":8},"end":{"line":20,"column":null}},"type":"if","locations":[{"start":{"line":18,"column":8},"end":{"line":20,"column":null}}]},"1":{"loc":{"start":{"line":28,"column":4},"end":{"line":30,"column":null}},"type":"if","locations":[{"start":{"line":28,"column":4},"end":{"line":30,"column":null}}]},"2":{"loc":{"start":{"line":36,"column":11},"end":{"line":36,"column":45}},"type":"binary-expr","locations":[{"start":{"line":36,"column":11},"end":{"line":36,"column":26}},{"start":{"line":36,"column":30},"end":{"line":36,"column":45}}]}},"s":{"0":1,"1":1,"2":11,"3":11,"4":11,"5":30,"6":11,"7":1,"8":6,"9":6,"10":6,"11":105,"12":19,"13":6,"14":1,"15":5,"16":5,"17":2,"18":3,"19":1,"20":7,"21":1,"22":3,"23":3,"24":3,"25":3,"26":3,"27":1},"f":{"0":11,"1":6,"2":5,"3":7,"4":3},"b":{"0":[19],"1":[2],"2":[7,3]}}
}
