TN:
SF:01 - exercicios/multiplos.ts
FN:1,(anonymous_0)
FN:2,(anonymous_2)
FN:14,(anonymous_3)
FN:26,(anonymous_4)
FNF:4
FNH:4
FNDA:5,(anonymous_0)
FNDA:2,(anonymous_2)
FNDA:1,(anonymous_3)
FNDA:1,(anonymous_4)
DA:1,1
DA:2,1
DA:3,2
DA:4,2
DA:5,1010
DA:6,1010
DA:7,472
DA:11,2
DA:14,1
DA:15,1
DA:16,1
DA:17,1000
DA:18,1000
DA:19,67
DA:23,1
DA:26,1
DA:27,1
DA:28,1
DA:29,1000
DA:30,1000
DA:31,67
DA:35,1
DA:37,1
LF:23
LH:23
BRDA:5,0,0,1010
BRDA:5,0,1,672
BRDA:6,1,0,472
BRDA:17,2,0,1000
BRDA:17,2,1,334
BRDA:18,3,0,67
BRDA:29,4,0,1000
BRDA:29,4,1,666
BRDA:29,4,2,467
BRDA:30,5,0,67
BRF:10
BRH:10
end_of_record
TN:
SF:02 - exercicios/numeros.felizes.ts
FN:1,numberHappy
FN:7,(anonymous_1)
FN:8,(anonymous_2)
FN:11,(anonymous_3)
FNF:4
FNH:4
FNDA:14,numberHappy
FNDA:27,(anonymous_1)
FNDA:27,(anonymous_2)
FNDA:35,(anonymous_3)
DA:1,16
DA:3,14
DA:4,14
DA:6,14
DA:7,27
DA:8,27
DA:10,14
DA:11,35
DA:12,13
DA:14,13
DA:17,1
LF:11
LH:11
BRDA:1,0,0,2
BRDA:10,1,0,13
BRDA:14,2,0,1
BRDA:14,2,1,12
BRF:4
BRH:4
end_of_record
