TN:
SF:01 - exercicios/multiplos.ts
FN:1,(anonymous_0)
FN:2,(anonymous_2)
FN:14,(anonymous_3)
FN:26,(anonymous_4)
FNF:4
FNH:4
FNDA:5,(anonymous_0)
FNDA:2,(anonymous_2)
FNDA:1,(anonymous_3)
FNDA:1,(anonymous_4)
DA:1,1
DA:2,1
DA:3,2
DA:4,2
DA:5,1010
DA:6,1010
DA:7,472
DA:11,2
DA:14,1
DA:15,1
DA:16,1
DA:17,1000
DA:18,1000
DA:19,67
DA:23,1
DA:26,1
DA:27,1
DA:28,1
DA:29,1000
DA:30,1000
DA:31,67
DA:35,1
DA:37,1
LF:23
LH:23
BRDA:5,0,0,1010
BRDA:5,0,1,672
BRDA:6,1,0,472
BRDA:17,2,0,1000
BRDA:17,2,1,334
BRDA:18,3,0,67
BRDA:29,4,0,1000
BRDA:29,4,1,666
BRDA:29,4,2,467
BRDA:30,5,0,67
BRF:10
BRH:10
end_of_record
TN:
SF:02 - exercicios/numeros.felizes.ts
FN:2,numbersSplits
FN:8,squareSumOfNumbers
FN:10,(anonymous_2)
FN:11,(anonymous_3)
FN:14,thisNumberExistInArray
FN:15,(anonymous_5)
FN:29,numberHappy
FN:35,(anonymous_7)
FNF:8
FNH:8
FNDA:49,numbersSplits
FNDA:49,squareSumOfNumbers
FNDA:97,(anonymous_2)
FNDA:97,(anonymous_3)
FNDA:2,thisNumberExistInArray
FNDA:9,(anonymous_5)
FNDA:47,numberHappy
FNDA:183,(anonymous_7)
DA:2,2
DA:4,49
DA:5,49
DA:8,2
DA:9,49
DA:10,97
DA:11,97
DA:14,2
DA:15,9
DA:29,52
DA:31,47
DA:32,47
DA:34,47
DA:35,183
DA:36,46
DA:38,46
DA:41,1
LF:17
LH:17
BRDA:29,0,0,5
BRDA:34,1,0,46
BRDA:38,2,0,4
BRDA:38,2,1,42
BRF:4
BRH:4
end_of_record
TN:
SF:03 - palavras em numeros/palavra.numero.ts
FN:5,valueWord
FN:15,numbersOfDividers
FN:26,isPrimeNumber
FN:35,isDivisible3Or5
FN:39,stringSentence
FNF:5
FNH:5
FNDA:11,valueWord
FNDA:6,numbersOfDividers
FNDA:5,isPrimeNumber
FNDA:7,isDivisible3Or5
FNDA:3,stringSentence
DA:1,1
DA:3,1
DA:5,1
DA:7,11
DA:8,11
DA:9,30
DA:12,11
DA:15,1
DA:16,6
DA:17,6
DA:18,105
DA:19,19
DA:22,6
DA:26,1
DA:27,5
DA:28,5
DA:29,2
DA:31,3
DA:35,1
DA:36,7
DA:39,1
DA:41,3
DA:43,3
DA:44,3
DA:45,3
DA:47,3
LF:26
LH:26
BRDA:18,0,0,19
BRDA:28,1,0,2
BRDA:36,2,0,7
BRDA:36,2,1,3
BRF:4
BRH:4
end_of_record
